src/app/(admin)/admin/banners/[id]/page.tsx(16,21): error TS2741: Property 'division' is missing in type '{ id: string; order: number; link: string | null; branchId: string | null; createdAt: Date; updatedAt: Date; title: string; subtitle: string | null; active: boolean; imageUrl: string; mobileUrl: string | null; position: BannerPosition; }' but required in type 'BannerData'.
src/app/(admin)/admin/banners/page.tsx(15,50): error TS2339: Property 'division' does not exist on type '{ id: string; order: number; link: string | null; branchId: string | null; createdAt: Date; updatedAt: Date; title: string; subtitle: string | null; active: boolean; imageUrl: string; mobileUrl: string | null; position: BannerPosition; }'.
src/app/(admin)/admin/catalogs/CatalogsView.tsx(15,10): error TS2305: Module '"@prisma/client"' has no exported member 'Division'.
src/app/(admin)/admin/catalogs/page.tsx(7,10): error TS2305: Module '"@prisma/client"' has no exported member 'Division'.
src/app/(admin)/admin/coupons/page.tsx(52,32): error TS2339: Property 'division' does not exist on type '{ discount: number; id: string; isActive: boolean; createdAt: Date; type: CouponType; code: string; branchId: string | null; expirationDate: Date | null; maxUses: number | null; currentUses: number; }'.
src/app/(admin)/admin/coupons/page.tsx(54,33): error TS2339: Property 'division' does not exist on type '{ discount: number; id: string; isActive: boolean; createdAt: Date; type: CouponType; code: string; branchId: string | null; expirationDate: Date | null; maxUses: number | null; currentUses: number; }'.
src/app/(admin)/admin/dashboard/page.tsx(10,10): error TS2305: Module '"@prisma/client"' has no exported member 'Division'.
src/app/(admin)/admin/dashboard/page.tsx(29,30): error TS2339: Property 'data' does not exist on type '{ productsCount: number; lowStockProducts: number; activeCoupons: number; activeBanners: number; activeSections: number; totalRevenue: number; paidOrders: number; }'.
src/app/(admin)/admin/dashboard/page.tsx(79,50): error TS2740: Type '{ pending: number; processing: number; delivered: number; cancelled: number; }' is missing the following properties from type '{ name: string; pickup: number; delivery: number; }[]': length, pop, push, concat, and 35 more.
src/app/(admin)/admin/dashboard/page.tsx(105,35): error TS2339: Property 'id' does not exist on type 'never'.
src/app/(admin)/admin/dashboard/page.tsx(111,32): error TS2339: Property 'images' does not exist on type 'never'.
src/app/(admin)/admin/dashboard/page.tsx(111,50): error TS2339: Property 'images' does not exist on type 'never'.
src/app/(admin)/admin/dashboard/page.tsx(112,45): error TS2339: Property 'images' does not exist on type 'never'.
src/app/(admin)/admin/dashboard/page.tsx(112,69): error TS2339: Property 'title' does not exist on type 'never'.
src/app/(admin)/admin/dashboard/page.tsx(119,151): error TS2339: Property 'title' does not exist on type 'never'.
src/app/(admin)/admin/dashboard/page.tsx(120,35): error TS2339: Property 'isAvailable' does not exist on type 'never'.
src/app/(admin)/admin/dashboard/page.tsx(120,58): error TS2339: Property 'stock' does not exist on type 'never'.
src/app/(admin)/admin/dashboard/page.tsx(126,99): error TS2339: Property 'stock' does not exist on type 'never'.
src/app/(admin)/admin/dashboard/page.tsx(133,107): error TS2339: Property 'price' does not exist on type 'never'.
src/app/(admin)/admin/dashboard/page.tsx(133,123): error TS2339: Property '_count' does not exist on type 'never'.
src/app/(admin)/admin/dashboard/page.tsx(137,95): error TS2339: Property '_count' does not exist on type 'never'.
src/app/(admin)/admin/dashboard/page.tsx(182,113): error TS2339: Property 'PENDING' does not exist on type 'never[]'.
src/app/(admin)/admin/dashboard/page.tsx(186,113): error TS2339: Property 'PAID' does not exist on type 'never[]'.
src/app/(admin)/admin/dashboard/page.tsx(190,113): error TS2339: Property 'DELIVERED' does not exist on type 'never[]'.
src/app/(admin)/admin/orders/[id]/invoice/page.tsx(39,20): error TS2353: Object literal may only specify known properties, and 'product' does not exist in type 'OrderItemInclude<DefaultArgs>'.
src/app/(admin)/admin/orders/[id]/invoice/page.tsx(177,26): error TS2339: Property 'orderItems' does not exist on type '{ id: string; userId: string | null; createdAt: Date; updatedAt: Date; deliveryMethod: string; shippingAddress: string | null; shippingCost: Decimal; notes: string | null; ... 10 more ...; pointsRedeemed: number; }'.
src/app/(admin)/admin/orders/[id]/invoice/page.tsx(177,42): error TS7006: Parameter 'item' implicitly has an 'any' type.
src/app/(admin)/admin/orders/export/ExportView.tsx(47,53): error TS2339: Property 'currentDivision' does not exist on type 'UIState'.
src/app/(admin)/admin/orders/export/page.tsx(12,22): error TS2322: Type '{ totalAmount: number; shippingCost: number; orderItems: { price: number; id: string; variantId: string | null; quantity: number; orderId: string; productName: string; variantName: string | null; }[]; ... 16 more ...; pointsRedeemed: number; }[]' is not assignable to type 'OrderForExport[]'.
  Type '{ totalAmount: number; shippingCost: number; orderItems: { price: number; id: string; variantId: string | null; quantity: number; orderId: string; productName: string; variantName: string | null; }[]; ... 16 more ...; pointsRedeemed: number; }' is not assignable to type 'OrderForExport'.
    Types of property 'orderItems' are incompatible.
      Type '{ price: number; id: string; variantId: string | null; quantity: number; orderId: string; productName: string; variantName: string | null; }[]' is not assignable to type '{ quantity: number; price: number; product: { title: string; }; }[]'.
        Property 'product' is missing in type '{ price: number; id: string; variantId: string | null; quantity: number; orderId: string; productName: string; variantName: string | null; }' but required in type '{ quantity: number; price: number; product: { title: string; }; }'.
src/app/(admin)/admin/sections/[id]/page.tsx(18,22): error TS2741: Property 'division' is missing in type '{ id: string; tag: string; order: number; isActive: boolean; branchId: string | null; createdAt: Date; updatedAt: Date; title: string; subtitle: string | null; layoutStyle: LayoutStyle; icon: string; }' but required in type 'SectionData'.
src/app/(shop)/cart/page.tsx(41,11): error TS2339: Property 'currentDivision' does not exist on type 'UIState'.
src/app/(shop)/catalogos/CatalogosClient.tsx(17,55): error TS2339: Property 'currentDivision' does not exist on type 'UIState'.
src/app/(shop)/favorites/page.tsx(53,26): error TS2339: Property 'price' does not exist on type '{ id: string; createdAt: Date; updatedAt: Date; businessId: string | null; type: ProductType; title: string; description: string; slug: string; basePrice: Decimal; ... 14 more ...; active: boolean; }'.
src/app/(shop)/new-arrivals/page.tsx(9,10): error TS2305: Module '"@prisma/client"' has no exported member 'Division'.
src/app/(shop)/orders/[id]/invoice/page.tsx(21,41): error TS2353: Object literal may only specify known properties, and 'product' does not exist in type 'OrderItemInclude<DefaultArgs>'.
src/app/(shop)/orders/[id]/invoice/page.tsx(28,30): error TS2339: Property 'orderItems' does not exist on type '{ id: string; userId: string | null; createdAt: Date; updatedAt: Date; deliveryMethod: string; shippingAddress: string | null; shippingCost: Decimal; notes: string | null; ... 10 more ...; pointsRedeemed: number; }'.
src/app/(shop)/orders/[id]/invoice/page.tsx(53,20): error TS2353: Object literal may only specify known properties, and 'product' does not exist in type 'OrderItemInclude<DefaultArgs>'.
src/app/(shop)/orders/[id]/invoice/page.tsx(67,30): error TS2339: Property 'orderItems' does not exist on type '{ id: string; userId: string | null; createdAt: Date; updatedAt: Date; deliveryMethod: string; shippingAddress: string | null; shippingCost: Decimal; notes: string | null; ... 10 more ...; pointsRedeemed: number; }'.
src/app/(shop)/orders/[id]/invoice/page.tsx(240,26): error TS2339: Property 'orderItems' does not exist on type '{ id: string; userId: string | null; createdAt: Date; updatedAt: Date; deliveryMethod: string; shippingAddress: string | null; shippingCost: Decimal; notes: string | null; ... 10 more ...; pointsRedeemed: number; }'.
src/app/(shop)/orders/[id]/invoice/page.tsx(240,42): error TS7006: Parameter 'item' implicitly has an 'any' type.
src/app/(shop)/profile/orders/page.tsx(17,11): error TS2339: Property 'currentDivision' does not exist on type 'UIState'.
src/app/(shop)/profile/orders/page.tsx(28,15): error TS2339: Property 'ok' does not exist on type '{ totalAmount: number; shippingCost: number; orderItems: { price: number; id: string; variantId: string | null; quantity: number; orderId: string; productName: string; variantName: string | null; }[]; ... 16 more ...; pointsRedeemed: number; }[]'.
src/app/(shop)/profile/orders/page.tsx(28,19): error TS2339: Property 'orders' does not exist on type '{ totalAmount: number; shippingCost: number; orderItems: { price: number; id: string; variantId: string | null; quantity: number; orderId: string; productName: string; variantName: string | null; }[]; ... 16 more ...; pointsRedeemed: number; }[]'.
src/app/(shop)/tiendas/page.tsx(40,55): error TS2339: Property 'currentDivision' does not exist on type 'UIState'.
src/components/admin/AdminSidebar.tsx(15,10): error TS2305: Module '"@prisma/client"' has no exported member 'Division'.
src/components/admin/AdminStoreSwitcher.tsx(22,10): error TS2305: Module '"@prisma/client"' has no exported member 'Division'.
src/components/admin/BannerForm.tsx(6,26): error TS2305: Module '"@prisma/client"' has no exported member 'Division'.
src/components/admin/BannerList.tsx(31,10): error TS2305: Module '"@prisma/client"' has no exported member 'Division'.
src/components/admin/CatalogForm.tsx(6,10): error TS2305: Module '"@prisma/client"' has no exported member 'Division'.
src/components/admin/CouponForm.tsx(11,10): error TS2305: Module '"@prisma/client"' has no exported member 'Division'.
src/components/admin/SectionForm.tsx(6,10): error TS2305: Module '"@prisma/client"' has no exported member 'Division'.
src/components/admin/SectionList.tsx(33,10): error TS2305: Module '"@prisma/client"' has no exported member 'Division'.
src/components/features/CartSidebar.tsx(28,11): error TS2339: Property 'currentDivision' does not exist on type 'UIState'.
src/components/features/CategoryCarousel.tsx(29,55): error TS2339: Property 'currentDivision' does not exist on type 'UIState'.
src/components/features/CategoryForm.tsx(6,20): error TS2305: Module '"@prisma/client"' has no exported member 'Division'.
src/components/features/CategoryForm.tsx(75,37): error TS2339: Property 'division' does not exist on type '{ id: string; name: string; image: string | null; businessId: string | null; createdAt: Date; updatedAt: Date; ecommerceCode: string | null; slug: string; viewCount: number; }'.
src/components/features/FeaturedCategories.tsx(22,11): error TS2339: Property 'currentDivision' does not exist on type 'UIState'.
src/components/features/FeaturedCategories.tsx(25,58): error TS2339: Property 'division' does not exist on type '{ name: string; image: string | null; id: string; createdAt: Date; updatedAt: Date; businessId: string | null; ecommerceCode: string | null; slug: string; viewCount: number; }'.
src/components/features/ProductCard.tsx(35,55): error TS2339: Property 'currentDivision' does not exist on type 'UIState'.
src/components/features/ProductCarousel.tsx(29,55): error TS2339: Property 'currentDivision' does not exist on type 'UIState'.
src/components/features/ProductForm.tsx(6,29): error TS2305: Module '"@prisma/client"' has no exported member 'Division'.
src/components/features/ProductForm.tsx(35,47): error TS2339: Property 'color' does not exist on type '{ id: string; type: ProductType; businessId: string | null; createdAt: Date; updatedAt: Date; title: string; slug: string; description: string; categoryId: string; ... 14 more ...; active: boolean; }'.
src/components/features/ProductForm.tsx(36,51): error TS2339: Property 'barcode' does not exist on type '{ id: string; type: ProductType; businessId: string | null; createdAt: Date; updatedAt: Date; title: string; slug: string; description: string; categoryId: string; ... 14 more ...; active: boolean; }'.
src/components/features/ProductForm.tsx(41,54): error TS2339: Property 'price' does not exist on type '{ id: string; type: ProductType; businessId: string | null; createdAt: Date; updatedAt: Date; title: string; slug: string; description: string; categoryId: string; ... 14 more ...; active: boolean; }'.
src/components/features/ProductForm.tsx(43,47): error TS2339: Property 'stock' does not exist on type '{ id: string; type: ProductType; businessId: string | null; createdAt: Date; updatedAt: Date; title: string; slug: string; description: string; categoryId: string; ... 14 more ...; active: boolean; }'.
src/components/features/ProductForm.tsx(53,21): error TS2339: Property 'color' does not exist on type '{ id: string; type: ProductType; businessId: string | null; createdAt: Date; updatedAt: Date; title: string; slug: string; description: string; categoryId: string; ... 14 more ...; active: boolean; }'.
src/components/features/ProductForm.tsx(54,23): error TS2339: Property 'barcode' does not exist on type '{ id: string; type: ProductType; businessId: string | null; createdAt: Date; updatedAt: Date; title: string; slug: string; description: string; categoryId: string; ... 14 more ...; active: boolean; }'.
src/components/features/ProductForm.tsx(59,28): error TS2339: Property 'price' does not exist on type '{ id: string; type: ProductType; businessId: string | null; createdAt: Date; updatedAt: Date; title: string; slug: string; description: string; categoryId: string; ... 14 more ...; active: boolean; }'.
src/components/features/ProductForm.tsx(61,21): error TS2339: Property 'stock' does not exist on type '{ id: string; type: ProductType; businessId: string | null; createdAt: Date; updatedAt: Date; title: string; slug: string; description: string; categoryId: string; ... 14 more ...; active: boolean; }'.
src/components/features/ProductForm.tsx(124,36): error TS2339: Property 'division' does not exist on type '{ id: string; type: ProductType; businessId: string | null; createdAt: Date; updatedAt: Date; title: string; slug: string; description: string; categoryId: string; ... 14 more ...; active: boolean; }'.
src/components/features/ProductGrid.tsx(13,11): error TS2339: Property 'currentDivision' does not exist on type 'UIState'.
src/components/layout/FooterClient.tsx(7,22): error TS2305: Module '"@/store/ui"' has no exported member 'Division'.
src/components/layout/FooterClient.tsx(22,11): error TS2339: Property 'currentDivision' does not exist on type 'UIState'.
src/components/ui/HeroClient.tsx(29,11): error TS2339: Property 'currentDivision' does not exist on type 'UIState'.
src/components/ui/HeroClient.tsx(33,14): error TS2339: Property 'division' does not exist on type '{ link: string | null; title: string; id: string; order: number; position: BannerPosition; createdAt: Date; updatedAt: Date; branchId: string | null; subtitle: string | null; imageUrl: string; mobileUrl: string | null; active: boolean; }'.
src/components/ui/HeroClient.tsx(47,7): error TS2353: Object literal may only specify known properties, and 'division' does not exist in type 'DisplayBanner'.
src/components/ui/sonner.tsx(18,11): error TS2339: Property 'currentDivision' does not exist on type 'UIState'.
src/lib/export/transformers.ts(83,9): error TS2322: Type 'string | number' is not assignable to type 'undefined'.
  Type 'string' is not assignable to type 'undefined'.
